\BOOKMARK [0][-]{chapter.1}{\376\377\0001\000\040\000B\000B\000T\000C\000:\000\040\000B\000M\000A\000G\000S\000\047\000\040\000B\000a\000l\000l\000i\000s\000t\000i\000c\000\040\000T\000r\000a\000j\000e\000c\000t\000o\000r\000y\000\040\000C\000a\000l\000c\000u\000l\000a\000t\000o\000r}{}% 1
\BOOKMARK [1][-]{section.1.1}{\376\377\0001\000.\0001\000\040\000I\000n\000t\000r\000o\000d\000u\000c\000t\000i\000o\000n}{chapter.1}% 2
\BOOKMARK [1][-]{section.1.2}{\376\377\0001\000.\0002\000\040\000L\000i\000c\000e\000n\000s\000e}{chapter.1}% 3
\BOOKMARK [1][-]{section.1.3}{\376\377\0001\000.\0003\000\040\000H\000o\000w\000\040\000t\000o\000\040\000C\000i\000t\000e}{chapter.1}% 4
\BOOKMARK [1][-]{section.1.4}{\376\377\0001\000.\0004\000\040\000D\000o\000c\000u\000m\000e\000n\000t\000a\000t\000i\000o\000n\000\040\000S\000t\000r\000u\000c\000t\000u\000r\000e}{chapter.1}% 5
\BOOKMARK [1][-]{section.1.5}{\376\377\0001\000.\0005\000\040\000B\000u\000i\000l\000d\000\040\000\046\000\040\000C\000o\000m\000p\000i\000l\000a\000t\000i\000o\000n}{chapter.1}% 6
\BOOKMARK [1][-]{section.1.6}{\376\377\0001\000.\0006\000\040\000D\000o\000c\000u\000m\000e\000n\000t\000a\000t\000i\000o\000n\000\040\000S\000t\000y\000l\000e\000\040\000N\000o\000t\000e\000s}{chapter.1}% 7
\BOOKMARK [1][-]{section.1.7}{\376\377\0001\000.\0007\000\040\000A\000c\000k\000n\000o\000w\000l\000e\000d\000g\000m\000e\000n\000t\000s}{chapter.1}% 8
\BOOKMARK [0][-]{chapter.2}{\376\377\0002\000\040\000S\000i\000x\000\040\000D\000e\000g\000r\000e\000e\000s\000\040\000o\000f\000\040\000F\000r\000e\000e\000d\000o\000m\000\040\000\050\0006\000D\000O\000F\000\051\000\040\000P\000h\000y\000s\000i\000c\000s\000\040\000E\000n\000g\000i\000n\000e}{}% 9
\BOOKMARK [1][-]{section.2.1}{\376\377\0002\000.\0001\000\040\000I\000n\000t\000r\000o\000d\000u\000c\000t\000i\000o\000n}{chapter.2}% 10
\BOOKMARK [1][-]{section.2.2}{\376\377\0002\000.\0002\000\040\000T\000r\000a\000n\000s\000l\000a\000t\000i\000o\000n\000a\000l\000\040\000D\000y\000n\000a\000m\000i\000c\000s}{chapter.2}% 11
\BOOKMARK [1][-]{section.2.3}{\376\377\0002\000.\0003\000\040\000R\000o\000t\000a\000t\000i\000o\000n\000a\000l\000\040\000D\000y\000n\000a\000m\000i\000c\000s}{chapter.2}% 12
\BOOKMARK [1][-]{section.2.4}{\376\377\0002\000.\0004\000\040\000F\000o\000r\000c\000e\000s\000\040\000M\000o\000d\000e\000l\000e\000d}{chapter.2}% 13
\BOOKMARK [1][-]{section.2.5}{\376\377\0002\000.\0005\000\040\000N\000u\000m\000e\000r\000i\000c\000a\000l\000\040\000S\000t\000a\000b\000i\000l\000i\000t\000y\000\040\000a\000n\000d\000\040\000P\000e\000r\000f\000o\000r\000m\000a\000n\000c\000e}{chapter.2}% 14
\BOOKMARK [1][-]{section.2.6}{\376\377\0002\000.\0006\000\040\000O\000u\000t\000p\000u\000t\000\040\000L\000o\000g\000g\000i\000n\000g}{chapter.2}% 15
\BOOKMARK [1][-]{section.2.7}{\376\377\0002\000.\0007\000\040\0006\000D\000O\000F\000\040\000S\000i\000m\000u\000l\000a\000t\000i\000o\000n\000\040\000L\000o\000o\000p}{chapter.2}% 16
\BOOKMARK [2][-]{subsection.2.7.1}{\376\377\0002\000.\0007\000.\0001\000\040\000T\000h\000e\000o\000r\000y\000\040\000v\000s\000.\000\040\000I\000m\000p\000l\000e\000m\000e\000n\000t\000a\000t\000i\000o\000n\000\040\000T\000a\000b\000l\000e}{section.2.7}% 17
\BOOKMARK [2][-]{subsection.2.7.2}{\376\377\0002\000.\0007\000.\0002\000\040\000T\000h\000e\000o\000r\000y\000\040\000v\000s\000.\000\040\000I\000m\000p\000l\000e\000m\000e\000n\000t\000a\000t\000i\000o\000n\000\040\000T\000a\000b\000l\000e}{section.2.7}% 18
\BOOKMARK [1][-]{section.2.8}{\376\377\0002\000.\0008\000\040\000F\000u\000t\000u\000r\000e\000\040\000W\000o\000r\000k}{chapter.2}% 19
\BOOKMARK [0][-]{chapter.3}{\376\377\0003\000\040\000C\000o\000m\000m\000a\000n\000d\000-\000L\000i\000n\000e\000\040\000I\000n\000t\000e\000r\000f\000a\000c\000e\000\040\000\050\000C\000L\000I\000\051}{}% 20
\BOOKMARK [1][-]{section.3.1}{\376\377\0003\000.\0001\000\040\000O\000v\000e\000r\000v\000i\000e\000w}{chapter.3}% 21
\BOOKMARK [1][-]{section.3.2}{\376\377\0003\000.\0002\000\040\000U\000s\000a\000g\000e\000\040\000S\000y\000n\000t\000a\000x}{chapter.3}% 22
\BOOKMARK [2][-]{subsection.3.2.1}{\376\377\0003\000.\0002\000.\0001\000\040\000S\000u\000p\000p\000o\000r\000t\000e\000d\000\040\000O\000p\000t\000i\000o\000n\000s}{section.3.2}% 23
\BOOKMARK [1][-]{section.3.3}{\376\377\0003\000.\0003\000\040\000C\000L\000I\000\137\000i\000n\000p\000u\000t\000s\000\040\000S\000t\000r\000u\000c\000t\000u\000r\000e}{chapter.3}% 24
\BOOKMARK [1][-]{section.3.4}{\376\377\0003\000.\0004\000\040\000D\000e\000f\000a\000u\000l\000t\000\040\000V\000a\000l\000u\000e\000s}{chapter.3}% 25
\BOOKMARK [1][-]{section.3.5}{\376\377\0003\000.\0005\000\040\000E\000x\000a\000m\000p\000l\000e\000\040\000C\000o\000m\000m\000a\000n\000d}{chapter.3}% 26
\BOOKMARK [0][-]{chapter.4}{\376\377\0004\000\040\000D\000r\000a\000g\000\040\000C\000o\000e\000f\000f\000i\000c\000i\000e\000n\000t\000\040\000M\000o\000d\000e\000l\000s}{}% 27
\BOOKMARK [1][-]{section.4.1}{\376\377\0004\000.\0001\000\040\000O\000v\000e\000r\000v\000i\000e\000w}{chapter.4}% 28
\BOOKMARK [1][-]{section.4.2}{\376\377\0004\000.\0002\000\040\000D\000r\000a\000g\000\040\000F\000o\000r\000c\000e\000\040\000E\000q\000u\000a\000t\000i\000o\000n}{chapter.4}% 29
\BOOKMARK [1][-]{section.4.3}{\376\377\0004\000.\0003\000\040\000I\000n\000t\000e\000r\000p\000o\000l\000a\000t\000i\000o\000n\000\040\000L\000o\000g\000i\000c}{chapter.4}% 30
\BOOKMARK [1][-]{section.4.4}{\376\377\0004\000.\0004\000\040\000U\000n\000i\000t\000s\000\040\000a\000n\000d\000\040\000I\000n\000t\000e\000r\000n\000a\000l\000\040\000F\000o\000r\000m\000a\000t}{chapter.4}% 31
\BOOKMARK [1][-]{section.4.5}{\376\377\0004\000.\0005\000\040\000F\000u\000t\000u\000r\000e\000\040\000E\000n\000h\000a\000n\000c\000e\000m\000e\000n\000t\000s}{chapter.4}% 32
\BOOKMARK [0][-]{chapter.5}{\376\377\0005\000\040\000E\000n\000v\000i\000r\000o\000n\000m\000e\000n\000t\000a\000l\000\040\000M\000o\000d\000e\000l\000i\000n\000g\000\040\000S\000y\000s\000t\000e\000m}{}% 33
\BOOKMARK [1][-]{section.5.1}{\376\377\0005\000.\0001\000\040\000O\000v\000e\000r\000v\000i\000e\000w}{chapter.5}% 34
\BOOKMARK [1][-]{section.5.2}{\376\377\0005\000.\0002\000\040\000C\000o\000r\000e\000\040\000A\000t\000m\000o\000s\000p\000h\000e\000r\000i\000c\000\040\000V\000a\000r\000i\000a\000b\000l\000e\000s}{chapter.5}% 35
\BOOKMARK [1][-]{section.5.3}{\376\377\0005\000.\0003\000\040\000W\000i\000n\000d\000\040\000M\000o\000d\000e\000l\000i\000n\000g}{chapter.5}% 36
\BOOKMARK [1][-]{section.5.4}{\376\377\0005\000.\0004\000\040\000A\000l\000t\000i\000t\000u\000d\000e\000\040\000E\000f\000f\000e\000c\000t\000s}{chapter.5}% 37
\BOOKMARK [1][-]{section.5.5}{\376\377\0005\000.\0005\000\040\000U\000n\000i\000t\000s\000\040\000a\000n\000d\000\040\000I\000n\000t\000e\000r\000n\000a\000l\000\040\000F\000o\000r\000m\000a\000t}{chapter.5}% 38
\BOOKMARK [1][-]{section.5.6}{\376\377\0005\000.\0006\000\040\000O\000u\000t\000p\000u\000t\000\040\000L\000o\000g\000g\000i\000n\000g}{chapter.5}% 39
\BOOKMARK [1][-]{section.5.7}{\376\377\0005\000.\0007\000\040\000F\000u\000t\000u\000r\000e\000\040\000E\000n\000h\000a\000n\000c\000e\000m\000e\000n\000t\000s}{chapter.5}% 40
\BOOKMARK [0][-]{chapter.6}{\376\377\0006\000\040\000Q\000u\000a\000t\000e\000r\000n\000i\000o\000n\000\040\000M\000a\000t\000h\000e\000m\000a\000t\000i\000c\000s}{}% 41
\BOOKMARK [1][-]{section.6.1}{\376\377\0006\000.\0001\000\040\000O\000v\000e\000r\000v\000i\000e\000w}{chapter.6}% 42
\BOOKMARK [1][-]{section.6.2}{\376\377\0006\000.\0002\000\040\000W\000h\000y\000\040\000Q\000u\000a\000t\000e\000r\000n\000i\000o\000n\000s\000?}{chapter.6}% 43
\BOOKMARK [1][-]{section.6.3}{\376\377\0006\000.\0003\000\040\000A\000p\000p\000l\000i\000c\000a\000t\000i\000o\000n\000\040\000i\000n\000\040\000C\000o\000d\000e}{chapter.6}% 44
\BOOKMARK [1][-]{section.6.4}{\376\377\0006\000.\0004\000\040\000Q\000u\000a\000t\000e\000r\000n\000i\000o\000n\000\040\000U\000p\000d\000a\000t\000e\000\040\000S\000t\000e\000p}{chapter.6}% 45
\BOOKMARK [1][-]{section.6.5}{\376\377\0006\000.\0005\000\040\000O\000p\000t\000i\000o\000n\000a\000l\000:\000\040\000S\000L\000E\000R\000P\000\040\000\050\000N\000o\000t\000\040\000I\000m\000p\000l\000e\000m\000e\000n\000t\000e\000d\000\051}{chapter.6}% 46
\BOOKMARK [1][-]{section.6.6}{\376\377\0006\000.\0006\000\040\000S\000u\000m\000m\000a\000r\000y}{chapter.6}% 47
\BOOKMARK [0][-]{chapter.7}{\376\377\0007\000\040\000T\000o\000p\000i\000c\000\040\000I\000n\000d\000e\000x}{}% 48
\BOOKMARK [1][-]{section.7.1}{\376\377\0007\000.\0001\000\040\000T\000o\000p\000i\000c\000s}{chapter.7}% 49
\BOOKMARK [0][-]{chapter.8}{\376\377\0008\000\040\000D\000a\000t\000a\000\040\000S\000t\000r\000u\000c\000t\000u\000r\000e\000\040\000I\000n\000d\000e\000x}{}% 50
\BOOKMARK [1][-]{section.8.1}{\376\377\0008\000.\0001\000\040\000D\000a\000t\000a\000\040\000S\000t\000r\000u\000c\000t\000u\000r\000e\000s}{chapter.8}% 51
\BOOKMARK [0][-]{chapter.9}{\376\377\0009\000\040\000F\000i\000l\000e\000\040\000I\000n\000d\000e\000x}{}% 52
\BOOKMARK [1][-]{section.9.1}{\376\377\0009\000.\0001\000\040\000F\000i\000l\000e\000\040\000L\000i\000s\000t}{chapter.9}% 53
\BOOKMARK [0][-]{chapter.10}{\376\377\0001\0000\000\040\000T\000o\000p\000i\000c\000\040\000D\000o\000c\000u\000m\000e\000n\000t\000a\000t\000i\000o\000n}{}% 54
\BOOKMARK [1][-]{section.10.1}{\376\377\0001\0000\000.\0001\000\040\000M\000a\000i\000n\000\040\000P\000r\000o\000g\000r\000a\000m}{chapter.10}% 55
\BOOKMARK [2][-]{subsection.10.1.1}{\376\377\0001\0000\000.\0001\000.\0001\000\040\000D\000e\000t\000a\000i\000l\000e\000d\000\040\000D\000e\000s\000c\000r\000i\000p\000t\000i\000o\000n}{section.10.1}% 56
\BOOKMARK [2][-]{subsection.10.1.2}{\376\377\0001\0000\000.\0001\000.\0002\000\040\000M\000a\000c\000r\000o\000\040\000D\000e\000f\000i\000n\000i\000t\000i\000o\000n\000\040\000D\000o\000c\000u\000m\000e\000n\000t\000a\000t\000i\000o\000n}{section.10.1}% 57
\BOOKMARK [3][-]{subsubsection.10.1.2.1}{\376\377\0001\0000\000.\0001\000.\0002\000.\0001\000\040\000B\000U\000L\000L\000E\000T\000\137\000I\000S\000\137\000A\000I\000R\000B\000O\000R\000N\000E}{subsection.10.1.2}% 58
\BOOKMARK [3][-]{subsubsection.10.1.2.2}{\376\377\0001\0000\000.\0001\000.\0002\000.\0002\000\040\000G\000R\000O\000U\000N\000D\000\137\000L\000E\000V\000E\000L}{subsection.10.1.2}% 59
\BOOKMARK [3][-]{subsubsection.10.1.2.3}{\376\377\0001\0000\000.\0001\000.\0002\000.\0003\000\040\000M\000A\000X\000\137\000T\000I\000M\000E}{subsection.10.1.2}% 60
\BOOKMARK [3][-]{subsubsection.10.1.2.4}{\376\377\0001\0000\000.\0001\000.\0002\000.\0004\000\040\000S\000E\000A\000\137\000L\000V\000L}{subsection.10.1.2}% 61
\BOOKMARK [2][-]{subsection.10.1.3}{\376\377\0001\0000\000.\0001\000.\0003\000\040\000F\000u\000n\000c\000t\000i\000o\000n\000\040\000D\000o\000c\000u\000m\000e\000n\000t\000a\000t\000i\000o\000n}{section.10.1}% 62
\BOOKMARK [3][-]{subsubsection.10.1.3.1}{\376\377\0001\0000\000.\0001\000.\0003\000.\0001\000\040\000g\000e\000t\000\137\000d\000r\000a\000g\000\137\000m\000o\000d\000e\000l\000\137\000s\000t\000r\000i\000n\000g\000\050\000\051}{subsection.10.1.3}% 63
\BOOKMARK [3][-]{subsubsection.10.1.3.2}{\376\377\0001\0000\000.\0001\000.\0003\000.\0002\000\040\000m\000a\000i\000n\000\050\000\051}{subsection.10.1.3}% 64
\BOOKMARK [1][-]{section.10.2}{\376\377\0001\0000\000.\0002\000\040\0006\000-\000D\000O\000F\000\040\000S\000o\000l\000v\000e\000r}{chapter.10}% 65
\BOOKMARK [2][-]{subsection.10.2.1}{\376\377\0001\0000\000.\0002\000.\0001\000\040\000D\000e\000t\000a\000i\000l\000e\000d\000\040\000D\000e\000s\000c\000r\000i\000p\000t\000i\000o\000n}{section.10.2}% 66
\BOOKMARK [2][-]{subsection.10.2.2}{\376\377\0001\0000\000.\0002\000.\0002\000\040\000M\000a\000c\000r\000o\000\040\000D\000e\000f\000i\000n\000i\000t\000i\000o\000n\000\040\000D\000o\000c\000u\000m\000e\000n\000t\000a\000t\000i\000o\000n}{section.10.2}% 67
\BOOKMARK [3][-]{subsubsection.10.2.2.1}{\376\377\0001\0000\000.\0002\000.\0002\000.\0001\000\040\000M\000\137\000P\000I}{subsection.10.2.2}% 68
\BOOKMARK [3][-]{subsubsection.10.2.2.2}{\376\377\0001\0000\000.\0002\000.\0002\000.\0002\000\040\000P\000I\000\137\000O\000V\000E\000R\000\137\0001\0008\0000}{subsection.10.2.2}% 69
\BOOKMARK [3][-]{subsubsection.10.2.2.3}{\376\377\0001\0000\000.\0002\000.\0002\000.\0003\000\040\000S\000T\000A\000N\000D\000A\000R\000D\000\137\000E\000A\000R\000T\000H\000\137\000R\000O\000T\000A\000T\000I\000O\000N}{subsection.10.2.2}% 70
\BOOKMARK [2][-]{subsection.10.2.3}{\376\377\0001\0000\000.\0002\000.\0003\000\040\000F\000u\000n\000c\000t\000i\000o\000n\000\040\000D\000o\000c\000u\000m\000e\000n\000t\000a\000t\000i\000o\000n}{section.10.2}% 71
\BOOKMARK [3][-]{subsubsection.10.2.3.1}{\376\377\0001\0000\000.\0002\000.\0003\000.\0001\000\040\000c\000l\000a\000m\000p\000\137\000m\000a\000g\000n\000u\000s\000\050\000\051}{subsection.10.2.3}% 72
\BOOKMARK [3][-]{subsubsection.10.2.3.2}{\376\377\0001\0000\000.\0002\000.\0003\000.\0002\000\040\000c\000o\000m\000p\000u\000t\000e\000\137\000b\000u\000l\000l\000e\000t\000\137\000a\000x\000e\000s\000\137\000w\000o\000r\000l\000d\000\050\000\051}{subsection.10.2.3}% 73
\BOOKMARK [3][-]{subsubsection.10.2.3.3}{\376\377\0001\0000\000.\0002\000.\0003\000.\0003\000\040\000c\000r\000o\000s\000s\0003\000\050\000\051}{subsection.10.2.3}% 74
\BOOKMARK [2][-]{subsection.10.2.4}{\376\377\0001\0000\000.\0002\000.\0004\000\040\000V\000a\000r\000i\000a\000b\000l\000e\000\040\000D\000o\000c\000u\000m\000e\000n\000t\000a\000t\000i\000o\000n}{section.10.2}% 75
\BOOKMARK [3][-]{subsubsection.10.2.4.1}{\376\377\0001\0000\000.\0002\000.\0004\000.\0001\000\040\000a\000e\000r\000o}{subsection.10.2.4}% 76
\BOOKMARK [3][-]{subsubsection.10.2.4.2}{\376\377\0001\0000\000.\0002\000.\0004\000.\0002\000\040\000a\000r\000e\000a}{subsection.10.2.4}% 77
\BOOKMARK [3][-]{subsubsection.10.2.4.3}{\376\377\0001\0000\000.\0002\000.\0004\000.\0003\000\040\000a\000r\000e\000a\000O\000v\000e\000r\000M\000a\000s\000s}{subsection.10.2.4}% 78
\BOOKMARK [3][-]{subsubsection.10.2.4.4}{\376\377\0001\0000\000.\0002\000.\0004\000.\0004\000\040\000C\000m}{subsection.10.2.4}% 79
\BOOKMARK [3][-]{subsubsection.10.2.4.5}{\376\377\0001\0000\000.\0002\000.\0004\000.\0005\000\040\000C\000s\000p\000i\000n\000D\000a\000m\000p}{subsection.10.2.4}% 80
\BOOKMARK [3][-]{subsubsection.10.2.4.6}{\376\377\0001\0000\000.\0002\000.\0004\000.\0006\000\040\000C\000t\000i\000l\000t}{subsection.10.2.4}% 81
\BOOKMARK [3][-]{subsubsection.10.2.4.7}{\376\377\0001\0000\000.\0002\000.\0004\000.\0007\000\040\000C\000y\000a\000w\000R\000e\000p\000o\000s\000e}{subsection.10.2.4}% 82
\BOOKMARK [3][-]{subsubsection.10.2.4.8}{\376\377\0001\0000\000.\0002\000.\0004\000.\0008\000\040\000d\000i\000a\000m}{subsection.10.2.4}% 83
\BOOKMARK [3][-]{subsubsection.10.2.4.9}{\376\377\0001\0000\000.\0002\000.\0004\000.\0009\000\040\000i\000n\000e\000r\000t\000i\000a}{subsection.10.2.4}% 84
\BOOKMARK [3][-]{subsubsection.10.2.4.10}{\376\377\0001\0000\000.\0002\000.\0004\000.\0001\0000\000\040\000I\000x\000x}{subsection.10.2.4}% 85
\BOOKMARK [3][-]{subsubsection.10.2.4.11}{\376\377\0001\0000\000.\0002\000.\0004\000.\0001\0001\000\040\000I\000y\000y}{subsection.10.2.4}% 86
\BOOKMARK [3][-]{subsubsection.10.2.4.12}{\376\377\0001\0000\000.\0002\000.\0004\000.\0001\0002\000\040\000I\000z\000z}{subsection.10.2.4}% 87
\BOOKMARK [3][-]{subsubsection.10.2.4.13}{\376\377\0001\0000\000.\0002\000.\0004\000.\0001\0003\000\040\000m\000a\000s\000s}{subsection.10.2.4}% 88
\BOOKMARK [3][-]{subsubsection.10.2.4.14}{\376\377\0001\0000\000.\0002\000.\0004\000.\0001\0004\000\040\000r\000A\000C\000\137\000l\000o\000c\000a\000l}{subsection.10.2.4}% 89
\BOOKMARK [1][-]{section.10.3}{\376\377\0001\0000\000.\0003\000\040\000C\000L\000I\000\040\000O\000p\000t\000i\000o\000n\000\040\000P\000a\000r\000s\000i\000n\000g}{chapter.10}% 90
\BOOKMARK [2][-]{subsection.10.3.1}{\376\377\0001\0000\000.\0003\000.\0001\000\040\000D\000e\000t\000a\000i\000l\000e\000d\000\040\000D\000e\000s\000c\000r\000i\000p\000t\000i\000o\000n}{section.10.3}% 91
\BOOKMARK [2][-]{subsection.10.3.2}{\376\377\0001\0000\000.\0003\000.\0002\000\040\000F\000u\000n\000c\000t\000i\000o\000n\000\040\000D\000o\000c\000u\000m\000e\000n\000t\000a\000t\000i\000o\000n}{section.10.3}% 92
\BOOKMARK [3][-]{subsubsection.10.3.2.1}{\376\377\0001\0000\000.\0003\000.\0002\000.\0001\000\040\000i\000n\000i\000t\000i\000a\000l\000i\000z\000e\000\137\000C\000L\000I\000\137\000i\000n\000p\000u\000t\000s\000\050\000\051}{subsection.10.3.2}% 93
\BOOKMARK [3][-]{subsubsection.10.3.2.2}{\376\377\0001\0000\000.\0003\000.\0002\000.\0002\000\040\000p\000a\000r\000s\000e\000\137\000o\000p\000t\000i\000o\000n\000s\000\050\000\051}{subsection.10.3.2}% 94
\BOOKMARK [3][-]{subsubsection.10.3.2.3}{\376\377\0001\0000\000.\0003\000.\0002\000.\0003\000\040\000p\000r\000i\000n\000t\000\137\000u\000s\000a\000g\000e\000\137\000i\000n\000s\000t\000r\000u\000c\000t\000i\000o\000n\000s\000\050\000\051}{subsection.10.3.2}% 95
\BOOKMARK [3][-]{subsubsection.10.3.2.4}{\376\377\0001\0000\000.\0003\000.\0002\000.\0004\000\040\000s\000t\000r\000\137\000c\000m\000p\000\137\000i\000g\000n\000o\000r\000i\000n\000g\000\137\000c\000a\000s\000e\000\050\000\051}{subsection.10.3.2}% 96
\BOOKMARK [2][-]{subsection.10.3.3}{\376\377\0001\0000\000.\0003\000.\0003\000\040\000V\000a\000r\000i\000a\000b\000l\000e\000\040\000D\000o\000c\000u\000m\000e\000n\000t\000a\000t\000i\000o\000n}{section.10.3}% 97
\BOOKMARK [3][-]{subsubsection.10.3.3.1}{\376\377\0001\0000\000.\0003\000.\0003\000.\0001\000\040\000l\000o\000n\000g\000O\000p\000t\000s}{subsection.10.3.3}% 98
\BOOKMARK [3][-]{subsubsection.10.3.3.2}{\376\377\0001\0000\000.\0003\000.\0003\000.\0002\000\040\000s\000h\000o\000r\000t\000O\000p\000t\000s}{subsection.10.3.3}% 99
\BOOKMARK [1][-]{section.10.4}{\376\377\0001\0000\000.\0004\000\040\000C\000o\000m\000p\000i\000l\000e\000r\000\040\000D\000e\000t\000e\000c\000t\000i\000o\000n\000\040\000M\000a\000c\000r\000o\000s}{chapter.10}% 100
\BOOKMARK [2][-]{subsection.10.4.1}{\376\377\0001\0000\000.\0004\000.\0001\000\040\000D\000e\000t\000a\000i\000l\000e\000d\000\040\000D\000e\000s\000c\000r\000i\000p\000t\000i\000o\000n}{section.10.4}% 101
\BOOKMARK [2][-]{subsection.10.4.2}{\376\377\0001\0000\000.\0004\000.\0002\000\040\000M\000a\000c\000r\000o\000\040\000D\000e\000f\000i\000n\000i\000t\000i\000o\000n\000\040\000D\000o\000c\000u\000m\000e\000n\000t\000a\000t\000i\000o\000n}{section.10.4}% 102
\BOOKMARK [3][-]{subsubsection.10.4.2.1}{\376\377\0001\0000\000.\0004\000.\0002\000.\0001\000\040\000C\000O\000M\000P\000I\000L\000E\000R\000\137\000C\000L\000A\000N\000G}{subsection.10.4.2}% 103
\BOOKMARK [3][-]{subsubsection.10.4.2.2}{\376\377\0001\0000\000.\0004\000.\0002\000.\0002\000\040\000C\000O\000M\000P\000I\000L\000E\000R\000\137\000G\000C\000C}{subsection.10.4.2}% 104
\BOOKMARK [3][-]{subsubsection.10.4.2.3}{\376\377\0001\0000\000.\0004\000.\0002\000.\0003\000\040\000C\000O\000M\000P\000I\000L\000E\000R\000\137\000M\000S\000V\000C}{subsection.10.4.2}% 105
\BOOKMARK [3][-]{subsubsection.10.4.2.4}{\376\377\0001\0000\000.\0004\000.\0002\000.\0004\000\040\000C\000O\000M\000P\000I\000L\000E\000R\000\137\000U\000N\000K\000N\000O\000W\000N\000\040\000[\0001\000/\0002\000]}{subsection.10.4.2}% 106
\BOOKMARK [3][-]{subsubsection.10.4.2.5}{\376\377\0001\0000\000.\0004\000.\0002\000.\0005\000\040\000C\000O\000M\000P\000I\000L\000E\000R\000\137\000U\000N\000K\000N\000O\000W\000N\000\040\000[\0002\000/\0002\000]}{subsection.10.4.2}% 107
\BOOKMARK [1][-]{section.10.5}{\376\377\0001\0000\000.\0005\000\040\000C\000\040\000S\000t\000a\000n\000d\000a\000r\000d\000\040\000V\000e\000r\000s\000i\000o\000n\000\040\000M\000a\000c\000r\000o\000s}{chapter.10}% 108
\BOOKMARK [1][-]{section.10.6}{\376\377\0001\0000\000.\0006\000\040\000O\000p\000t\000i\000m\000i\000z\000a\000t\000i\000o\000n\000\040\000a\000n\000d\000\040\000P\000e\000r\000f\000o\000r\000m\000a\000n\000c\000e\000\040\000M\000a\000c\000r\000o\000s}{chapter.10}% 109
\BOOKMARK [2][-]{subsection.10.6.1}{\376\377\0001\0000\000.\0006\000.\0001\000\040\000D\000e\000t\000a\000i\000l\000e\000d\000\040\000D\000e\000s\000c\000r\000i\000p\000t\000i\000o\000n}{section.10.6}% 110
\BOOKMARK [2][-]{subsection.10.6.2}{\376\377\0001\0000\000.\0006\000.\0002\000\040\000M\000a\000c\000r\000o\000\040\000D\000e\000f\000i\000n\000i\000t\000i\000o\000n\000\040\000D\000o\000c\000u\000m\000e\000n\000t\000a\000t\000i\000o\000n}{section.10.6}% 111
\BOOKMARK [3][-]{subsubsection.10.6.2.1}{\376\377\0001\0000\000.\0006\000.\0002\000.\0001\000\040\000A\000L\000I\000G\000N}{subsection.10.6.2}% 112
\BOOKMARK [3][-]{subsubsection.10.6.2.2}{\376\377\0001\0000\000.\0006\000.\0002\000.\0002\000\040\000E\000X\000P\000O\000R\000T\000\137\000S\000Y\000M\000B\000O\000L}{subsection.10.6.2}% 113
\BOOKMARK [3][-]{subsubsection.10.6.2.3}{\376\377\0001\0000\000.\0006\000.\0002\000.\0003\000\040\000H\000A\000S\000\137\000B\000U\000I\000L\000T\000I\000N}{subsection.10.6.2}% 114
\BOOKMARK [3][-]{subsubsection.10.6.2.4}{\376\377\0001\0000\000.\0006\000.\0002\000.\0004\000\040\000H\000O\000T}{subsection.10.6.2}% 115
\BOOKMARK [3][-]{subsubsection.10.6.2.5}{\376\377\0001\0000\000.\0006\000.\0002\000.\0005\000\040\000L\000I\000K\000E\000L\000Y}{subsection.10.6.2}% 116
\BOOKMARK [3][-]{subsubsection.10.6.2.6}{\376\377\0001\0000\000.\0006\000.\0002\000.\0006\000\040\000P\000R\000E\000F\000E\000T\000C\000H}{subsection.10.6.2}% 117
\BOOKMARK [1][-]{section.10.7}{\376\377\0001\0000\000.\0007\000\040\000E\000n\000v\000i\000r\000o\000n\000m\000e\000n\000t\000\040\000\046\000\040\000W\000e\000a\000t\000h\000e\000r}{chapter.10}% 118
\BOOKMARK [2][-]{subsection.10.7.1}{\376\377\0001\0000\000.\0007\000.\0001\000\040\000D\000e\000t\000a\000i\000l\000e\000d\000\040\000D\000e\000s\000c\000r\000i\000p\000t\000i\000o\000n}{section.10.7}% 119
\BOOKMARK [2][-]{subsection.10.7.2}{\376\377\0001\0000\000.\0007\000.\0002\000\040\000M\000a\000c\000r\000o\000\040\000D\000e\000f\000i\000n\000i\000t\000i\000o\000n\000\040\000D\000o\000c\000u\000m\000e\000n\000t\000a\000t\000i\000o\000n}{section.10.7}% 120
\BOOKMARK [3][-]{subsubsection.10.7.2.1}{\376\377\0001\0000\000.\0007\000.\0002\000.\0001\000\040\000G\000A\000M\000M\000A\000\137\000D\000R\000Y\000\137\000A\000I\000R}{subsection.10.7.2}% 121
\BOOKMARK [3][-]{subsubsection.10.7.2.2}{\376\377\0001\0000\000.\0007\000.\0002\000.\0002\000\040\000G\000A\000M\000M\000A\000\137\000H\0002\000O\000\137\000V\000A\000P\000O\000R}{subsection.10.7.2}% 122
\BOOKMARK [3][-]{subsubsection.10.7.2.3}{\376\377\0001\0000\000.\0007\000.\0002\000.\0003\000\040\000G\000R\000A\000V\000I\000T\000Y}{subsection.10.7.2}% 123
\BOOKMARK [3][-]{subsubsection.10.7.2.4}{\376\377\0001\0000\000.\0007\000.\0002\000.\0004\000\040\000L\000A\000P\000S\000E\000\137\000R\000A\000T\000E}{subsection.10.7.2}% 124
\BOOKMARK [3][-]{subsubsection.10.7.2.5}{\376\377\0001\0000\000.\0007\000.\0002\000.\0005\000\040\000M\000O\000L\000\137\000M\000\137\000A\000I\000R}{subsection.10.7.2}% 125
\BOOKMARK [3][-]{subsubsection.10.7.2.6}{\376\377\0001\0000\000.\0007\000.\0002\000.\0006\000\040\000P\000R\000E\000C\000O\000M\000P\000U\000T\000E\000D\000\137\000E\000X\000P\000O\000N\000E\000N\000T}{subsection.10.7.2}% 126
\BOOKMARK [3][-]{subsubsection.10.7.2.7}{\376\377\0001\0000\000.\0007\000.\0002\000.\0007\000\040\000R\000\137\000D\000R\000Y\000\137\000A\000I\000R}{subsection.10.7.2}% 127
\BOOKMARK [3][-]{subsubsection.10.7.2.8}{\376\377\0001\0000\000.\0007\000.\0002\000.\0008\000\040\000R\000\137\000H\0002\000O\000\137\000V\000A\000P\000O\000R}{subsection.10.7.2}% 128
\BOOKMARK [3][-]{subsubsection.10.7.2.9}{\376\377\0001\0000\000.\0007\000.\0002\000.\0009\000\040\000R\000\137\000U\000N\000I\000V}{subsection.10.7.2}% 129
\BOOKMARK [3][-]{subsubsection.10.7.2.10}{\376\377\0001\0000\000.\0007\000.\0002\000.\0001\0000\000\040\000S\000T\000A\000N\000D\000A\000R\000D\000\137\000P\000R\000E\000S\000S\000U\000R\000E}{subsection.10.7.2}% 130
\BOOKMARK [3][-]{subsubsection.10.7.2.11}{\376\377\0001\0000\000.\0007\000.\0002\000.\0001\0001\000\040\000T\000E\000M\000P\000\137\000S\000E\000A\000\137\000L\000V\000L\000\137\000C}{subsection.10.7.2}% 131
\BOOKMARK [3][-]{subsubsection.10.7.2.12}{\376\377\0001\0000\000.\0007\000.\0002\000.\0001\0002\000\040\000T\000E\000M\000P\000\137\000S\000E\000A\000\137\000L\000V\000L\000\137\000K}{subsection.10.7.2}% 132
\BOOKMARK [2][-]{subsection.10.7.3}{\376\377\0001\0000\000.\0007\000.\0003\000\040\000F\000u\000n\000c\000t\000i\000o\000n\000\040\000D\000o\000c\000u\000m\000e\000n\000t\000a\000t\000i\000o\000n}{section.10.7}% 133
\BOOKMARK [3][-]{subsubsection.10.7.3.1}{\376\377\0001\0000\000.\0007\000.\0003\000.\0001\000\040\000c\000o\000m\000p\000u\000t\000e\000\137\000g\000a\000m\000m\000a\000\050\000\051}{subsection.10.7.3}% 134
\BOOKMARK [3][-]{subsubsection.10.7.3.2}{\376\377\0001\0000\000.\0007\000.\0003\000.\0002\000\040\000c\000o\000m\000p\000u\000t\000e\000\137\000s\000p\000e\000e\000d\000\137\000o\000f\000\137\000s\000o\000u\000n\000d\000\050\000\051}{subsection.10.7.3}% 135
\BOOKMARK [3][-]{subsubsection.10.7.3.3}{\376\377\0001\0000\000.\0007\000.\0003\000.\0003\000\040\000s\000a\000t\000u\000r\000a\000t\000i\000o\000n\000\137\000v\000a\000p\000o\000r\000\137\000p\000r\000e\000s\000s\000u\000r\000e\000\050\000\051}{subsection.10.7.3}% 136
\BOOKMARK [3][-]{subsubsection.10.7.3.4}{\376\377\0001\0000\000.\0007\000.\0003\000.\0004\000\040\000u\000p\000d\000a\000t\000e\000\137\000e\000n\000v\000i\000r\000o\000n\000m\000e\000n\000t\000\050\000\051\000\040\000[\0001\000/\0002\000]}{subsection.10.7.3}% 137
\BOOKMARK [3][-]{subsubsection.10.7.3.5}{\376\377\0001\0000\000.\0007\000.\0003\000.\0005\000\040\000u\000p\000d\000a\000t\000e\000\137\000e\000n\000v\000i\000r\000o\000n\000m\000e\000n\000t\000\050\000\051\000\040\000[\0002\000/\0002\000]}{subsection.10.7.3}% 138
\BOOKMARK [1][-]{section.10.8}{\376\377\0001\0000\000.\0008\000\040\000D\000r\000a\000g\000\040\000T\000a\000b\000l\000e\000\040\000I\000n\000f\000r\000a\000s\000t\000r\000u\000c\000t\000u\000r\000e}{chapter.10}% 139
\BOOKMARK [2][-]{subsection.10.8.1}{\376\377\0001\0000\000.\0008\000.\0001\000\040\000D\000e\000t\000a\000i\000l\000e\000d\000\040\000D\000e\000s\000c\000r\000i\000p\000t\000i\000o\000n}{section.10.8}% 140
\BOOKMARK [2][-]{subsection.10.8.2}{\376\377\0001\0000\000.\0008\000.\0002\000\040\000M\000a\000c\000r\000o\000\040\000D\000e\000f\000i\000n\000i\000t\000i\000o\000n\000\040\000D\000o\000c\000u\000m\000e\000n\000t\000a\000t\000i\000o\000n}{section.10.8}% 141
\BOOKMARK [3][-]{subsubsection.10.8.2.1}{\376\377\0001\0000\000.\0008\000.\0002\000.\0001\000\040\000L\000O\000O\000K\000U\000P\000\137\000M\000A\000X\000\137\000M\000A\000C\000H}{subsection.10.8.2}% 142
\BOOKMARK [3][-]{subsubsection.10.8.2.2}{\376\377\0001\0000\000.\0008\000.\0002\000.\0002\000\040\000L\000O\000O\000K\000U\000P\000\137\000S\000I\000Z\000E}{subsection.10.8.2}% 143
\BOOKMARK [3][-]{subsubsection.10.8.2.3}{\376\377\0001\0000\000.\0008\000.\0002\000.\0003\000\040\000L\000O\000O\000K\000U\000P\000\137\000S\000T\000E\000P}{subsection.10.8.2}% 144
\BOOKMARK [3][-]{subsubsection.10.8.2.4}{\376\377\0001\0000\000.\0008\000.\0002\000.\0004\000\040\000M\000A\000X\000\137\000T\000A\000B\000L\000E\000\137\000S\000I\000Z\000E}{subsection.10.8.2}% 145
\BOOKMARK [2][-]{subsection.10.8.3}{\376\377\0001\0000\000.\0008\000.\0003\000\040\000E\000n\000u\000m\000e\000r\000a\000t\000i\000o\000n\000\040\000T\000y\000p\000e\000\040\000D\000o\000c\000u\000m\000e\000n\000t\000a\000t\000i\000o\000n}{section.10.8}% 146
\BOOKMARK [3][-]{subsubsection.10.8.3.1}{\376\377\0001\0000\000.\0008\000.\0003\000.\0001\000\040\000D\000r\000a\000g\000M\000o\000d\000e\000l}{subsection.10.8.3}% 147
\BOOKMARK [2][-]{subsection.10.8.4}{\376\377\0001\0000\000.\0008\000.\0004\000\040\000F\000u\000n\000c\000t\000i\000o\000n\000\040\000D\000o\000c\000u\000m\000e\000n\000t\000a\000t\000i\000o\000n}{section.10.8}% 148
\BOOKMARK [3][-]{subsubsection.10.8.4.1}{\376\377\0001\0000\000.\0008\000.\0004\000.\0001\000\040\000c\000o\000m\000p\000a\000r\000e\000\137\000d\000r\000a\000g\000\137\000e\000n\000t\000r\000i\000e\000s\000\050\000\051}{subsection.10.8.4}% 149
\BOOKMARK [3][-]{subsubsection.10.8.4.2}{\376\377\0001\0000\000.\0008\000.\0004\000.\0002\000\040\000f\000a\000s\000t\000\137\000i\000n\000t\000e\000r\000p\000o\000l\000a\000t\000e\000\137\000c\000d\000\050\000\051}{subsection.10.8.4}% 150
\BOOKMARK [3][-]{subsubsection.10.8.4.3}{\376\377\0001\0000\000.\0008\000.\0004\000.\0003\000\040\000g\000e\000t\000\137\000d\000r\000a\000g\000\137\000m\000o\000d\000e\000l\000\137\000f\000i\000l\000e\000\050\000\051}{subsection.10.8.4}% 151
\BOOKMARK [3][-]{subsubsection.10.8.4.4}{\376\377\0001\0000\000.\0008\000.\0004\000.\0004\000\040\000i\000n\000t\000e\000r\000p\000o\000l\000a\000t\000e\000\137\000c\000d\000\137\000f\000r\000o\000m\000\137\000t\000a\000b\000l\000e\000\050\000\051}{subsection.10.8.4}% 152
\BOOKMARK [3][-]{subsubsection.10.8.4.5}{\376\377\0001\0000\000.\0008\000.\0004\000.\0005\000\040\000l\000o\000a\000d\000\137\000d\000r\000a\000g\000\137\000t\000a\000b\000l\000e\000\137\000C\000S\000V\000\050\000\051}{subsection.10.8.4}% 153
\BOOKMARK [3][-]{subsubsection.10.8.4.6}{\376\377\0001\0000\000.\0008\000.\0004\000.\0006\000\040\000p\000r\000e\000c\000o\000m\000p\000u\000t\000e\000\137\000d\000r\000a\000g\000\137\000l\000o\000o\000k\000u\000p\000\137\000t\000a\000b\000l\000e\000\050\000\051}{subsection.10.8.4}% 154
\BOOKMARK [2][-]{subsection.10.8.5}{\376\377\0001\0000\000.\0008\000.\0005\000\040\000V\000a\000r\000i\000a\000b\000l\000e\000\040\000D\000o\000c\000u\000m\000e\000n\000t\000a\000t\000i\000o\000n}{section.10.8}% 155
\BOOKMARK [3][-]{subsubsection.10.8.5.1}{\376\377\0001\0000\000.\0008\000.\0005\000.\0001\000\040\000g\000\137\000d\000r\000a\000g\000T\000a\000b\000l\000e}{subsection.10.8.5}% 156
\BOOKMARK [3][-]{subsubsection.10.8.5.2}{\376\377\0001\0000\000.\0008\000.\0005\000.\0002\000\040\000g\000\137\000t\000a\000b\000l\000e\000S\000i\000z\000e}{subsection.10.8.5}% 157
\BOOKMARK [3][-]{subsubsection.10.8.5.3}{\376\377\0001\0000\000.\0008\000.\0005\000.\0003\000\040\000l\000o\000o\000k\000u\000p\000T\000a\000b\000l\000e\000\040\000[\0001\000/\0002\000]}{subsection.10.8.5}% 158
\BOOKMARK [3][-]{subsubsection.10.8.5.4}{\376\377\0001\0000\000.\0008\000.\0005\000.\0004\000\040\000l\000o\000o\000k\000u\000p\000T\000a\000b\000l\000e\000\040\000[\0002\000/\0002\000]}{subsection.10.8.5}% 159
\BOOKMARK [1][-]{section.10.9}{\376\377\0001\0000\000.\0009\000\040\000P\000r\000o\000j\000e\000c\000t\000i\000l\000e\000\040\000S\000t\000a\000t\000e\000\040\000T\000r\000a\000c\000k\000i\000n\000g}{chapter.10}% 160
\BOOKMARK [2][-]{subsection.10.9.1}{\376\377\0001\0000\000.\0009\000.\0001\000\040\000D\000e\000t\000a\000i\000l\000e\000d\000\040\000D\000e\000s\000c\000r\000i\000p\000t\000i\000o\000n}{section.10.9}% 161
\BOOKMARK [1][-]{section.10.10}{\376\377\0001\0000\000.\0001\0000\000\040\000Q\000u\000a\000t\000e\000r\000n\000i\000o\000n\000\040\000U\000t\000i\000l\000i\000t\000i\000e\000s}{chapter.10}% 162
\BOOKMARK [2][-]{subsection.10.10.1}{\376\377\0001\0000\000.\0001\0000\000.\0001\000\040\000D\000e\000t\000a\000i\000l\000e\000d\000\040\000D\000e\000s\000c\000r\000i\000p\000t\000i\000o\000n}{section.10.10}% 163
\BOOKMARK [2][-]{subsection.10.10.2}{\376\377\0001\0000\000.\0001\0000\000.\0002\000\040\000F\000u\000n\000c\000t\000i\000o\000n\000\040\000D\000o\000c\000u\000m\000e\000n\000t\000a\000t\000i\000o\000n}{section.10.10}% 164
\BOOKMARK [3][-]{subsubsection.10.10.2.1}{\376\377\0001\0000\000.\0001\0000\000.\0002\000.\0001\000\040\000q\000u\000a\000t\000\137\000a\000d\000d\000\137\000s\000c\000a\000l\000e\000d\000\050\000\051}{subsection.10.10.2}% 165
\BOOKMARK [3][-]{subsubsection.10.10.2.2}{\376\377\0001\0000\000.\0001\0000\000.\0002\000.\0002\000\040\000q\000u\000a\000t\000\137\000c\000o\000n\000j\000u\000g\000a\000t\000e\000\050\000\051\000\040\000[\0001\000/\0002\000]}{subsection.10.10.2}% 166
\BOOKMARK [3][-]{subsubsection.10.10.2.3}{\376\377\0001\0000\000.\0001\0000\000.\0002\000.\0003\000\040\000q\000u\000a\000t\000\137\000c\000o\000n\000j\000u\000g\000a\000t\000e\000\050\000\051\000\040\000[\0002\000/\0002\000]}{subsection.10.10.2}% 167
\BOOKMARK [3][-]{subsubsection.10.10.2.4}{\376\377\0001\0000\000.\0001\0000\000.\0002\000.\0004\000\040\000q\000u\000a\000t\000\137\000d\000e\000r\000i\000v\000a\000t\000i\000v\000e\000s\000\050\000\051}{subsection.10.10.2}% 168
\BOOKMARK [3][-]{subsubsection.10.10.2.5}{\376\377\0001\0000\000.\0001\0000\000.\0002\000.\0005\000\040\000q\000u\000a\000t\000\137\000f\000r\000o\000m\000\137\000a\000x\000i\000s\000\137\000a\000n\000g\000l\000e\000\050\000\051}{subsection.10.10.2}% 169
\BOOKMARK [3][-]{subsubsection.10.10.2.6}{\376\377\0001\0000\000.\0001\0000\000.\0002\000.\0006\000\040\000q\000u\000a\000t\000\137\000i\000n\000t\000e\000g\000r\000a\000t\000e\000\137\000a\000n\000g\000u\000l\000a\000r\000\137\000v\000e\000l\000o\000c\000i\000t\000y\000\050\000\051\000\040\000[\0001\000/\0002\000]}{subsection.10.10.2}% 170
\BOOKMARK [3][-]{subsubsection.10.10.2.7}{\376\377\0001\0000\000.\0001\0000\000.\0002\000.\0007\000\040\000q\000u\000a\000t\000\137\000i\000n\000t\000e\000g\000r\000a\000t\000e\000\137\000a\000n\000g\000u\000l\000a\000r\000\137\000v\000e\000l\000o\000c\000i\000t\000y\000\050\000\051\000\040\000[\0002\000/\0002\000]}{subsection.10.10.2}% 171
\BOOKMARK [3][-]{subsubsection.10.10.2.8}{\376\377\0001\0000\000.\0001\0000\000.\0002\000.\0008\000\040\000q\000u\000a\000t\000\137\000m\000u\000l\000t\000i\000p\000l\000y\000\050\000\051}{subsection.10.10.2}% 172
\BOOKMARK [3][-]{subsubsection.10.10.2.9}{\376\377\0001\0000\000.\0001\0000\000.\0002\000.\0009\000\040\000q\000u\000a\000t\000\137\000n\000o\000r\000m\000a\000l\000i\000z\000e\000\050\000\051\000\040\000[\0001\000/\0002\000]}{subsection.10.10.2}% 173
\BOOKMARK [3][-]{subsubsection.10.10.2.10}{\376\377\0001\0000\000.\0001\0000\000.\0002\000.\0001\0000\000\040\000q\000u\000a\000t\000\137\000n\000o\000r\000m\000a\000l\000i\000z\000e\000\050\000\051\000\040\000[\0002\000/\0002\000]}{subsection.10.10.2}% 174
\BOOKMARK [3][-]{subsubsection.10.10.2.11}{\376\377\0001\0000\000.\0001\0000\000.\0002\000.\0001\0001\000\040\000q\000u\000a\000t\000\137\000r\000o\000t\000a\000t\000e\000\137\000v\000e\000c\000t\000o\000r\000\050\000\051\000\040\000[\0001\000/\0002\000]}{subsection.10.10.2}% 175
\BOOKMARK [3][-]{subsubsection.10.10.2.12}{\376\377\0001\0000\000.\0001\0000\000.\0002\000.\0001\0002\000\040\000q\000u\000a\000t\000\137\000r\000o\000t\000a\000t\000e\000\137\000v\000e\000c\000t\000o\000r\000\050\000\051\000\040\000[\0002\000/\0002\000]}{subsection.10.10.2}% 176
\BOOKMARK [1][-]{section.10.11}{\376\377\0001\0000\000.\0001\0001\000\040\000S\000o\000l\000v\000e\000r\000\040\000O\000p\000t\000i\000o\000n\000s}{chapter.10}% 177
\BOOKMARK [2][-]{subsection.10.11.1}{\376\377\0001\0000\000.\0001\0001\000.\0001\000\040\000D\000e\000t\000a\000i\000l\000e\000d\000\040\000D\000e\000s\000c\000r\000i\000p\000t\000i\000o\000n}{section.10.11}% 178
\BOOKMARK [2][-]{subsection.10.11.2}{\376\377\0001\0000\000.\0001\0001\000.\0002\000\040\000E\000n\000u\000m\000e\000r\000a\000t\000i\000o\000n\000\040\000T\000y\000p\000e\000\040\000D\000o\000c\000u\000m\000e\000n\000t\000a\000t\000i\000o\000n}{section.10.11}% 179
\BOOKMARK [3][-]{subsubsection.10.11.2.1}{\376\377\0001\0000\000.\0001\0001\000.\0002\000.\0001\000\040\000S\000o\000l\000v\000e\000r\000E\000f\000f\000e\000c\000t\000s}{subsection.10.11.2}% 180
\BOOKMARK [0][-]{chapter.11}{\376\377\0001\0001\000\040\000D\000a\000t\000a\000\040\000S\000t\000r\000u\000c\000t\000u\000r\000e\000\040\000D\000o\000c\000u\000m\000e\000n\000t\000a\000t\000i\000o\000n}{}% 181
\BOOKMARK [1][-]{section.11.1}{\376\377\0001\0001\000.\0001\000\040\000A\000e\000r\000o\000C\000o\000e\000f\000f\000s\000\040\000S\000t\000r\000u\000c\000t\000\040\000R\000e\000f\000e\000r\000e\000n\000c\000e}{chapter.11}% 182
\BOOKMARK [2][-]{subsection.11.1.1}{\376\377\0001\0001\000.\0001\000.\0001\000\040\000D\000e\000t\000a\000i\000l\000e\000d\000\040\000D\000e\000s\000c\000r\000i\000p\000t\000i\000o\000n}{section.11.1}% 183
\BOOKMARK [1][-]{section.11.2}{\376\377\0001\0001\000.\0002\000\040\000C\000L\000I\000\137\000i\000n\000p\000u\000t\000s\000\040\000S\000t\000r\000u\000c\000t\000\040\000R\000e\000f\000e\000r\000e\000n\000c\000e}{chapter.11}% 184
\BOOKMARK [2][-]{subsection.11.2.1}{\376\377\0001\0001\000.\0002\000.\0001\000\040\000D\000e\000t\000a\000i\000l\000e\000d\000\040\000D\000e\000s\000c\000r\000i\000p\000t\000i\000o\000n}{section.11.2}% 185
\BOOKMARK [2][-]{subsection.11.2.2}{\376\377\0001\0001\000.\0002\000.\0002\000\040\000F\000i\000e\000l\000d\000\040\000D\000o\000c\000u\000m\000e\000n\000t\000a\000t\000i\000o\000n}{section.11.2}% 186
\BOOKMARK [3][-]{subsubsection.11.2.2.1}{\376\377\0001\0001\000.\0002\000.\0002\000.\0001\000\040\000a\000l\000t\000i\000t\000u\000d\000e}{subsection.11.2.2}% 187
\BOOKMARK [3][-]{subsubsection.11.2.2.2}{\376\377\0001\0001\000.\0002\000.\0002\000.\0002\000\040\000a\000m\000b\000i\000e\000n\000t\000T\000e\000m\000p}{subsection.11.2.2}% 188
\BOOKMARK [3][-]{subsubsection.11.2.2.3}{\376\377\0001\0001\000.\0002\000.\0002\000.\0003\000\040\000a\000z\000i\000m\000u\000t\000h\000D\000e\000g}{subsection.11.2.2}% 189
\BOOKMARK [3][-]{subsubsection.11.2.2.4}{\376\377\0001\0001\000.\0002\000.\0002\000.\0004\000\040\000d\000i\000a\000m}{subsection.11.2.2}% 190
\BOOKMARK [3][-]{subsubsection.11.2.2.5}{\376\377\0001\0001\000.\0002\000.\0002\000.\0005\000\040\000d\000r\000a\000g\000M\000o\000d\000e\000l\000C\000h\000o\000i\000c\000e}{subsection.11.2.2}% 191
\BOOKMARK [3][-]{subsubsection.11.2.2.6}{\376\377\0001\0001\000.\0002\000.\0002\000.\0006\000\040\000l\000a\000t\000i\000t\000u\000d\000e}{subsection.11.2.2}% 192
\BOOKMARK [3][-]{subsubsection.11.2.2.7}{\376\377\0001\0001\000.\0002\000.\0002\000.\0007\000\040\000m\000a\000s\000s}{subsection.11.2.2}% 193
\BOOKMARK [3][-]{subsubsection.11.2.2.8}{\376\377\0001\0001\000.\0002\000.\0002\000.\0008\000\040\000m\000u\000z\000z\000l\000e\000A\000n\000g\000l\000e\000D\000e\000g}{subsection.11.2.2}% 194
\BOOKMARK [3][-]{subsubsection.11.2.2.9}{\376\377\0001\0001\000.\0002\000.\0002\000.\0009\000\040\000m\000u\000z\000z\000l\000e\000S\000p\000e\000e\000d}{subsection.11.2.2}% 195
\BOOKMARK [3][-]{subsubsection.11.2.2.10}{\376\377\0001\0001\000.\0002\000.\0002\000.\0001\0000\000\040\000o\000p\000t\000i\000o\000n\000s}{subsection.11.2.2}% 196
\BOOKMARK [3][-]{subsubsection.11.2.2.11}{\376\377\0001\0001\000.\0002\000.\0002\000.\0001\0001\000\040\000s\000h\000o\000t\000A\000n\000g\000l\000e}{subsection.11.2.2}% 197
\BOOKMARK [3][-]{subsubsection.11.2.2.12}{\376\377\0001\0001\000.\0002\000.\0002\000.\0001\0002\000\040\000t\000i\000l\000t\000F\000a\000c\000t\000o\000r}{subsection.11.2.2}% 198
\BOOKMARK [3][-]{subsubsection.11.2.2.13}{\376\377\0001\0001\000.\0002\000.\0002\000.\0001\0003\000\040\000t\000i\000m\000e\000S\000t\000e\000p}{subsection.11.2.2}% 199
\BOOKMARK [3][-]{subsubsection.11.2.2.14}{\376\377\0001\0001\000.\0002\000.\0002\000.\0001\0004\000\040\000t\000w\000i\000s\000t\000I\000n\000c\000h\000e\000s}{subsection.11.2.2}% 200
\BOOKMARK [3][-]{subsubsection.11.2.2.15}{\376\377\0001\0001\000.\0002\000.\0002\000.\0001\0005\000\040\000y\000a\000w\000F\000a\000c\000t\000o\000r}{subsection.11.2.2}% 201
\BOOKMARK [1][-]{section.11.3}{\376\377\0001\0001\000.\0003\000\040\000D\000r\000a\000g\000E\000n\000t\000r\000y\000\040\000S\000t\000r\000u\000c\000t\000\040\000R\000e\000f\000e\000r\000e\000n\000c\000e}{chapter.11}% 202
\BOOKMARK [2][-]{subsection.11.3.1}{\376\377\0001\0001\000.\0003\000.\0001\000\040\000D\000e\000t\000a\000i\000l\000e\000d\000\040\000D\000e\000s\000c\000r\000i\000p\000t\000i\000o\000n}{section.11.3}% 203
\BOOKMARK [2][-]{subsection.11.3.2}{\376\377\0001\0001\000.\0003\000.\0002\000\040\000F\000i\000e\000l\000d\000\040\000D\000o\000c\000u\000m\000e\000n\000t\000a\000t\000i\000o\000n}{section.11.3}% 204
\BOOKMARK [3][-]{subsubsection.11.3.2.1}{\376\377\0001\0001\000.\0003\000.\0002\000.\0001\000\040\000C\000d}{subsection.11.3.2}% 205
\BOOKMARK [3][-]{subsubsection.11.3.2.2}{\376\377\0001\0001\000.\0003\000.\0002\000.\0002\000\040\000m\000a\000c\000h}{subsection.11.3.2}% 206
\BOOKMARK [1][-]{section.11.4}{\376\377\0001\0001\000.\0004\000\040\000E\000n\000v\000i\000r\000o\000n\000m\000e\000n\000t\000\040\000S\000t\000r\000u\000c\000t\000\040\000R\000e\000f\000e\000r\000e\000n\000c\000e}{chapter.11}% 207
\BOOKMARK [2][-]{subsection.11.4.1}{\376\377\0001\0001\000.\0004\000.\0001\000\040\000D\000e\000t\000a\000i\000l\000e\000d\000\040\000D\000e\000s\000c\000r\000i\000p\000t\000i\000o\000n}{section.11.4}% 208
\BOOKMARK [2][-]{subsection.11.4.2}{\376\377\0001\0001\000.\0004\000.\0002\000\040\000F\000i\000e\000l\000d\000\040\000D\000o\000c\000u\000m\000e\000n\000t\000a\000t\000i\000o\000n}{section.11.4}% 209
\BOOKMARK [3][-]{subsubsection.11.4.2.1}{\376\377\0001\0001\000.\0004\000.\0002\000.\0001\000\040\000g\000r\000o\000u\000n\000d\000L\000v\000l}{subsection.11.4.2}% 210
\BOOKMARK [3][-]{subsubsection.11.4.2.2}{\376\377\0001\0001\000.\0004\000.\0002\000.\0002\000\040\000l\000a\000t\000i\000t\000u\000d\000e}{subsection.11.4.2}% 211
\BOOKMARK [3][-]{subsubsection.11.4.2.3}{\376\377\0001\0001\000.\0004\000.\0002\000.\0003\000\040\000l\000o\000c\000a\000l\000D\000e\000n\000s\000i\000t\000y}{subsection.11.4.2}% 212
\BOOKMARK [3][-]{subsubsection.11.4.2.4}{\376\377\0001\0001\000.\0004\000.\0002\000.\0004\000\040\000l\000o\000c\000a\000l\000P\000r\000e\000s\000s\000u\000r\000e}{subsection.11.4.2}% 213
\BOOKMARK [3][-]{subsubsection.11.4.2.5}{\376\377\0001\0001\000.\0004\000.\0002\000.\0005\000\040\000l\000o\000c\000a\000l\000S\000p\000d\000O\000f\000S\000n\000d}{subsection.11.4.2}% 214
\BOOKMARK [3][-]{subsubsection.11.4.2.6}{\376\377\0001\0001\000.\0004\000.\0002\000.\0006\000\040\000l\000o\000c\000a\000l\000T\000e\000m\000p\000K}{subsection.11.4.2}% 215
\BOOKMARK [3][-]{subsubsection.11.4.2.7}{\376\377\0001\0001\000.\0004\000.\0002\000.\0007\000\040\000m\000a\000s\000s\000F\000r\000a\000c}{subsection.11.4.2}% 216
\BOOKMARK [3][-]{subsubsection.11.4.2.8}{\376\377\0001\0001\000.\0004\000.\0002\000.\0008\000\040\000m\000u\000z\000z\000l\000e\000A\000l\000t}{subsection.11.4.2}% 217
\BOOKMARK [3][-]{subsubsection.11.4.2.9}{\376\377\0001\0001\000.\0004\000.\0002\000.\0009\000\040\000m\000u\000z\000z\000l\000e\000P\000r\000e\000s\000s\000u\000r\000e}{subsection.11.4.2}% 218
\BOOKMARK [3][-]{subsubsection.11.4.2.10}{\376\377\0001\0001\000.\0004\000.\0002\000.\0001\0000\000\040\000m\000u\000z\000z\000l\000e\000T\000e\000m\000p\000K}{subsection.11.4.2}% 219
\BOOKMARK [3][-]{subsubsection.11.4.2.11}{\376\377\0001\0001\000.\0004\000.\0002\000.\0001\0001\000\040\000p\000\137\000d\000r\000y}{subsection.11.4.2}% 220
\BOOKMARK [3][-]{subsubsection.11.4.2.12}{\376\377\0001\0001\000.\0004\000.\0002\000.\0001\0002\000\040\000p\000\137\000s\000a\000t}{subsection.11.4.2}% 221
\BOOKMARK [3][-]{subsubsection.11.4.2.13}{\376\377\0001\0001\000.\0004\000.\0002\000.\0001\0003\000\040\000p\000\137\000v\000a\000p}{subsection.11.4.2}% 222
\BOOKMARK [3][-]{subsubsection.11.4.2.14}{\376\377\0001\0001\000.\0004\000.\0002\000.\0001\0004\000\040\000r\000e\000l\000H\000u\000m\000i\000d\000i\000t\000y}{subsection.11.4.2}% 223
\BOOKMARK [3][-]{subsubsection.11.4.2.15}{\376\377\0001\0001\000.\0004\000.\0002\000.\0001\0005\000\040\000s\000p\000d\000O\000f\000S\000n\000d\000I\000n\000v}{subsection.11.4.2}% 224
\BOOKMARK [3][-]{subsubsection.11.4.2.16}{\376\377\0001\0001\000.\0004\000.\0002\000.\0001\0006\000\040\000w\000i\000n\000d\000D\000i\000r\000D\000e\000g}{subsection.11.4.2}% 225
\BOOKMARK [3][-]{subsubsection.11.4.2.17}{\376\377\0001\0001\000.\0004\000.\0002\000.\0001\0007\000\040\000w\000i\000n\000d\000X}{subsection.11.4.2}% 226
\BOOKMARK [3][-]{subsubsection.11.4.2.18}{\376\377\0001\0001\000.\0004\000.\0002\000.\0001\0008\000\040\000w\000i\000n\000d\000Y}{subsection.11.4.2}% 227
\BOOKMARK [3][-]{subsubsection.11.4.2.19}{\376\377\0001\0001\000.\0004\000.\0002\000.\0001\0009\000\040\000w\000i\000n\000d\000Z}{subsection.11.4.2}% 228
\BOOKMARK [1][-]{section.11.5}{\376\377\0001\0001\000.\0005\000\040\000I\000n\000e\000r\000t\000i\000a\000\040\000S\000t\000r\000u\000c\000t\000\040\000R\000e\000f\000e\000r\000e\000n\000c\000e}{chapter.11}% 229
\BOOKMARK [2][-]{subsection.11.5.1}{\376\377\0001\0001\000.\0005\000.\0001\000\040\000D\000e\000t\000a\000i\000l\000e\000d\000\040\000D\000e\000s\000c\000r\000i\000p\000t\000i\000o\000n}{section.11.5}% 230
\BOOKMARK [1][-]{section.11.6}{\376\377\0001\0001\000.\0006\000\040\000P\000S\000t\000a\000t\000e\000\040\000S\000t\000r\000u\000c\000t\000\040\000R\000e\000f\000e\000r\000e\000n\000c\000e}{chapter.11}% 231
\BOOKMARK [2][-]{subsection.11.6.1}{\376\377\0001\0001\000.\0006\000.\0001\000\040\000D\000e\000t\000a\000i\000l\000e\000d\000\040\000D\000e\000s\000c\000r\000i\000p\000t\000i\000o\000n}{section.11.6}% 232
\BOOKMARK [2][-]{subsection.11.6.2}{\376\377\0001\0001\000.\0006\000.\0002\000\040\000F\000i\000e\000l\000d\000\040\000D\000o\000c\000u\000m\000e\000n\000t\000a\000t\000i\000o\000n}{section.11.6}% 233
\BOOKMARK [3][-]{subsubsection.11.6.2.1}{\376\377\0001\0001\000.\0006\000.\0002\000.\0001\000\040\000o\000r\000i}{subsection.11.6.2}% 234
\BOOKMARK [3][-]{subsubsection.11.6.2.2}{\376\377\0001\0001\000.\0006\000.\0002\000.\0002\000\040\000v\000x}{subsection.11.6.2}% 235
\BOOKMARK [3][-]{subsubsection.11.6.2.3}{\376\377\0001\0001\000.\0006\000.\0002\000.\0003\000\040\000v\000y}{subsection.11.6.2}% 236
\BOOKMARK [3][-]{subsubsection.11.6.2.4}{\376\377\0001\0001\000.\0006\000.\0002\000.\0004\000\040\000v\000z}{subsection.11.6.2}% 237
\BOOKMARK [3][-]{subsubsection.11.6.2.5}{\376\377\0001\0001\000.\0006\000.\0002\000.\0005\000\040\000w\000x}{subsection.11.6.2}% 238
\BOOKMARK [3][-]{subsubsection.11.6.2.6}{\376\377\0001\0001\000.\0006\000.\0002\000.\0006\000\040\000w\000y}{subsection.11.6.2}% 239
\BOOKMARK [3][-]{subsubsection.11.6.2.7}{\376\377\0001\0001\000.\0006\000.\0002\000.\0007\000\040\000w\000z}{subsection.11.6.2}% 240
\BOOKMARK [3][-]{subsubsection.11.6.2.8}{\376\377\0001\0001\000.\0006\000.\0002\000.\0008\000\040\000x}{subsection.11.6.2}% 241
\BOOKMARK [3][-]{subsubsection.11.6.2.9}{\376\377\0001\0001\000.\0006\000.\0002\000.\0009\000\040\000y}{subsection.11.6.2}% 242
\BOOKMARK [3][-]{subsubsection.11.6.2.10}{\376\377\0001\0001\000.\0006\000.\0002\000.\0001\0000\000\040\000z}{subsection.11.6.2}% 243
\BOOKMARK [1][-]{section.11.7}{\376\377\0001\0001\000.\0007\000\040\000Q\000u\000a\000t\000\040\000S\000t\000r\000u\000c\000t\000\040\000R\000e\000f\000e\000r\000e\000n\000c\000e}{chapter.11}% 244
\BOOKMARK [2][-]{subsection.11.7.1}{\376\377\0001\0001\000.\0007\000.\0001\000\040\000D\000e\000t\000a\000i\000l\000e\000d\000\040\000D\000e\000s\000c\000r\000i\000p\000t\000i\000o\000n}{section.11.7}% 245
\BOOKMARK [2][-]{subsection.11.7.2}{\376\377\0001\0001\000.\0007\000.\0002\000\040\000F\000i\000e\000l\000d\000\040\000D\000o\000c\000u\000m\000e\000n\000t\000a\000t\000i\000o\000n}{section.11.7}% 246
\BOOKMARK [3][-]{subsubsection.11.7.2.1}{\376\377\0001\0001\000.\0007\000.\0002\000.\0001\000\040\000w}{subsection.11.7.2}% 247
\BOOKMARK [3][-]{subsubsection.11.7.2.2}{\376\377\0001\0001\000.\0007\000.\0002\000.\0002\000\040\000x}{subsection.11.7.2}% 248
\BOOKMARK [3][-]{subsubsection.11.7.2.3}{\376\377\0001\0001\000.\0007\000.\0002\000.\0003\000\040\000y}{subsection.11.7.2}% 249
\BOOKMARK [3][-]{subsubsection.11.7.2.4}{\376\377\0001\0001\000.\0007\000.\0002\000.\0004\000\040\000z}{subsection.11.7.2}% 250
\BOOKMARK [1][-]{section.11.8}{\376\377\0001\0001\000.\0008\000\040\000S\000i\000x\000D\000O\000F\000S\000p\000e\000c\000s\000\040\000S\000t\000r\000u\000c\000t\000\040\000R\000e\000f\000e\000r\000e\000n\000c\000e}{chapter.11}% 251
\BOOKMARK [2][-]{subsection.11.8.1}{\376\377\0001\0001\000.\0008\000.\0001\000\040\000D\000e\000t\000a\000i\000l\000e\000d\000\040\000D\000e\000s\000c\000r\000i\000p\000t\000i\000o\000n}{section.11.8}% 252
\BOOKMARK [1][-]{section.11.9}{\376\377\0001\0001\000.\0009\000\040\000S\000o\000l\000v\000e\000r\000O\000p\000t\000i\000o\000n\000s\000\040\000S\000t\000r\000u\000c\000t\000\040\000R\000e\000f\000e\000r\000e\000n\000c\000e}{chapter.11}% 253
\BOOKMARK [2][-]{subsection.11.9.1}{\376\377\0001\0001\000.\0009\000.\0001\000\040\000D\000e\000t\000a\000i\000l\000e\000d\000\040\000D\000e\000s\000c\000r\000i\000p\000t\000i\000o\000n}{section.11.9}% 254
\BOOKMARK [2][-]{subsection.11.9.2}{\376\377\0001\0001\000.\0009\000.\0002\000\040\000F\000i\000e\000l\000d\000\040\000D\000o\000c\000u\000m\000e\000n\000t\000a\000t\000i\000o\000n}{section.11.9}% 255
\BOOKMARK [3][-]{subsubsection.11.9.2.1}{\376\377\0001\0001\000.\0009\000.\0002\000.\0001\000\040\000e\000f\000f\000e\000c\000t\000s}{subsection.11.9.2}% 256
\BOOKMARK [1][-]{section.11.10}{\376\377\0001\0001\000.\0001\0000\000\040\000S\000t\000a\000t\000e\000D\000e\000r\000i\000v\0003\000D\000\040\000S\000t\000r\000u\000c\000t\000\040\000R\000e\000f\000e\000r\000e\000n\000c\000e}{chapter.11}% 257
\BOOKMARK [2][-]{subsection.11.10.1}{\376\377\0001\0001\000.\0001\0000\000.\0001\000\040\000D\000e\000t\000a\000i\000l\000e\000d\000\040\000D\000e\000s\000c\000r\000i\000p\000t\000i\000o\000n}{section.11.10}% 258
\BOOKMARK [2][-]{subsection.11.10.2}{\376\377\0001\0001\000.\0001\0000\000.\0002\000\040\000F\000i\000e\000l\000d\000\040\000D\000o\000c\000u\000m\000e\000n\000t\000a\000t\000i\000o\000n}{section.11.10}% 259
\BOOKMARK [3][-]{subsubsection.11.10.2.1}{\376\377\0001\0001\000.\0001\0000\000.\0002\000.\0001\000\040\000d\000O\000r\000i}{subsection.11.10.2}% 260
\BOOKMARK [3][-]{subsubsection.11.10.2.2}{\376\377\0001\0001\000.\0001\0000\000.\0002\000.\0002\000\040\000d\000v\000x}{subsection.11.10.2}% 261
\BOOKMARK [3][-]{subsubsection.11.10.2.3}{\376\377\0001\0001\000.\0001\0000\000.\0002\000.\0003\000\040\000d\000v\000y}{subsection.11.10.2}% 262
\BOOKMARK [3][-]{subsubsection.11.10.2.4}{\376\377\0001\0001\000.\0001\0000\000.\0002\000.\0004\000\040\000d\000v\000z}{subsection.11.10.2}% 263
\BOOKMARK [3][-]{subsubsection.11.10.2.5}{\376\377\0001\0001\000.\0001\0000\000.\0002\000.\0005\000\040\000d\000w\000x}{subsection.11.10.2}% 264
\BOOKMARK [3][-]{subsubsection.11.10.2.6}{\376\377\0001\0001\000.\0001\0000\000.\0002\000.\0006\000\040\000d\000w\000y}{subsection.11.10.2}% 265
\BOOKMARK [3][-]{subsubsection.11.10.2.7}{\376\377\0001\0001\000.\0001\0000\000.\0002\000.\0007\000\040\000d\000w\000z}{subsection.11.10.2}% 266
\BOOKMARK [3][-]{subsubsection.11.10.2.8}{\376\377\0001\0001\000.\0001\0000\000.\0002\000.\0008\000\040\000d\000x}{subsection.11.10.2}% 267
\BOOKMARK [3][-]{subsubsection.11.10.2.9}{\376\377\0001\0001\000.\0001\0000\000.\0002\000.\0009\000\040\000d\000y}{subsection.11.10.2}% 268
\BOOKMARK [3][-]{subsubsection.11.10.2.10}{\376\377\0001\0001\000.\0001\0000\000.\0002\000.\0001\0000\000\040\000d\000z}{subsection.11.10.2}% 269
\BOOKMARK [0][-]{chapter.12}{\376\377\0001\0002\000\040\000F\000i\000l\000e\000\040\000D\000o\000c\000u\000m\000e\000n\000t\000a\000t\000i\000o\000n}{}% 270
\BOOKMARK [1][-]{section.12.1}{\376\377\0001\0002\000.\0001\000\040\000a\000\137\000c\000o\000r\000e\000\137\0006\000d\000o\000f\000.\000d\000o\000x\000\040\000F\000i\000l\000e\000\040\000R\000e\000f\000e\000r\000e\000n\000c\000e}{chapter.12}% 271
\BOOKMARK [1][-]{section.12.2}{\376\377\0001\0002\000.\0002\000\040\000c\000l\000i\000\137\000o\000p\000t\000s\000.\000d\000o\000x\000\040\000F\000i\000l\000e\000\040\000R\000e\000f\000e\000r\000e\000n\000c\000e}{chapter.12}% 272
\BOOKMARK [1][-]{section.12.3}{\376\377\0001\0002\000.\0003\000\040\000d\000r\000a\000g\000\137\000m\000o\000d\000e\000l\000.\000d\000o\000x\000\040\000F\000i\000l\000e\000\040\000R\000e\000f\000e\000r\000e\000n\000c\000e}{chapter.12}% 273
\BOOKMARK [1][-]{section.12.4}{\376\377\0001\0002\000.\0004\000\040\000e\000n\000v\000i\000r\000o\000n\000m\000e\000n\000t\000.\000d\000o\000x\000\040\000F\000i\000l\000e\000\040\000R\000e\000f\000e\000r\000e\000n\000c\000e}{chapter.12}% 274
\BOOKMARK [1][-]{section.12.5}{\376\377\0001\0002\000.\0005\000\040\000m\000a\000i\000n\000p\000a\000g\000e\000.\000d\000o\000x\000\040\000F\000i\000l\000e\000\040\000R\000e\000f\000e\000r\000e\000n\000c\000e}{chapter.12}% 275
\BOOKMARK [1][-]{section.12.6}{\376\377\0001\0002\000.\0006\000\040\000q\000u\000a\000t\000\137\000m\000a\000t\000h\000.\000d\000o\000x\000\040\000F\000i\000l\000e\000\040\000R\000e\000f\000e\000r\000e\000n\000c\000e}{chapter.12}% 276
\BOOKMARK [1][-]{section.12.7}{\376\377\0001\0002\000.\0007\000\040\0006\000d\000o\000f\000.\000h\000\040\000F\000i\000l\000e\000\040\000R\000e\000f\000e\000r\000e\000n\000c\000e}{chapter.12}% 277
\BOOKMARK [2][-]{subsection.12.7.1}{\376\377\0001\0002\000.\0007\000.\0001\000\040\000D\000e\000t\000a\000i\000l\000e\000d\000\040\000D\000e\000s\000c\000r\000i\000p\000t\000i\000o\000n}{section.12.7}% 278
\BOOKMARK [1][-]{section.12.8}{\376\377\0001\0002\000.\0008\000\040\0006\000d\000o\000f\000.\000h}{chapter.12}% 279
\BOOKMARK [1][-]{section.12.9}{\376\377\0001\0002\000.\0009\000\040\000c\000l\000i\000\137\000o\000p\000t\000s\000.\000h\000\040\000F\000i\000l\000e\000\040\000R\000e\000f\000e\000r\000e\000n\000c\000e}{chapter.12}% 280
\BOOKMARK [2][-]{subsection.12.9.1}{\376\377\0001\0002\000.\0009\000.\0001\000\040\000D\000e\000t\000a\000i\000l\000e\000d\000\040\000D\000e\000s\000c\000r\000i\000p\000t\000i\000o\000n}{section.12.9}% 281
\BOOKMARK [1][-]{section.12.10}{\376\377\0001\0002\000.\0001\0000\000\040\000c\000l\000i\000\137\000o\000p\000t\000s\000.\000h}{chapter.12}% 282
\BOOKMARK [1][-]{section.12.11}{\376\377\0001\0002\000.\0001\0001\000\040\000c\000o\000m\000p\000i\000l\000e\000r\000\137\000m\000a\000c\000r\000o\000s\000.\000h\000\040\000F\000i\000l\000e\000\040\000R\000e\000f\000e\000r\000e\000n\000c\000e}{chapter.12}% 283
\BOOKMARK [2][-]{subsection.12.11.1}{\376\377\0001\0002\000.\0001\0001\000.\0001\000\040\000D\000e\000t\000a\000i\000l\000e\000d\000\040\000D\000e\000s\000c\000r\000i\000p\000t\000i\000o\000n}{section.12.11}% 284
\BOOKMARK [2][-]{subsection.12.11.2}{\376\377\0001\0002\000.\0001\0001\000.\0002\000\040\000M\000a\000c\000r\000o\000\040\000D\000e\000f\000i\000n\000i\000t\000i\000o\000n\000\040\000D\000o\000c\000u\000m\000e\000n\000t\000a\000t\000i\000o\000n}{section.12.11}% 285
\BOOKMARK [3][-]{subsubsection.12.11.2.1}{\376\377\0001\0002\000.\0001\0001\000.\0002\000.\0001\000\040\000C\000\137\000V\000E\000R\000S\000I\000O\000N}{subsection.12.11.2}% 286
\BOOKMARK [3][-]{subsubsection.12.11.2.2}{\376\377\0001\0002\000.\0001\0001\000.\0002\000.\0002\000\040\000U\000N\000L\000I\000K\000E\000L\000Y}{subsection.12.11.2}% 287
\BOOKMARK [1][-]{section.12.12}{\376\377\0001\0002\000.\0001\0002\000\040\000c\000o\000m\000p\000i\000l\000e\000r\000\137\000m\000a\000c\000r\000o\000s\000.\000h}{chapter.12}% 288
\BOOKMARK [1][-]{section.12.13}{\376\377\0001\0002\000.\0001\0003\000\040\000e\000n\000v\000i\000r\000o\000n\000m\000e\000n\000t\000.\000h\000\040\000F\000i\000l\000e\000\040\000R\000e\000f\000e\000r\000e\000n\000c\000e}{chapter.12}% 289
\BOOKMARK [2][-]{subsection.12.13.1}{\376\377\0001\0002\000.\0001\0003\000.\0001\000\040\000D\000e\000t\000a\000i\000l\000e\000d\000\040\000D\000e\000s\000c\000r\000i\000p\000t\000i\000o\000n}{section.12.13}% 290
\BOOKMARK [1][-]{section.12.14}{\376\377\0001\0002\000.\0001\0004\000\040\000e\000n\000v\000i\000r\000o\000n\000m\000e\000n\000t\000.\000h}{chapter.12}% 291
\BOOKMARK [1][-]{section.12.15}{\376\377\0001\0002\000.\0001\0005\000\040\000l\000o\000a\000d\000\137\000d\000r\000a\000g\000\137\000t\000a\000b\000l\000e\000s\000.\000h\000\040\000F\000i\000l\000e\000\040\000R\000e\000f\000e\000r\000e\000n\000c\000e}{chapter.12}% 292
\BOOKMARK [2][-]{subsection.12.15.1}{\376\377\0001\0002\000.\0001\0005\000.\0001\000\040\000D\000e\000t\000a\000i\000l\000e\000d\000\040\000D\000e\000s\000c\000r\000i\000p\000t\000i\000o\000n}{section.12.15}% 293
\BOOKMARK [1][-]{section.12.16}{\376\377\0001\0002\000.\0001\0006\000\040\000l\000o\000a\000d\000\137\000d\000r\000a\000g\000\137\000t\000a\000b\000l\000e\000s\000.\000h}{chapter.12}% 294
\BOOKMARK [1][-]{section.12.17}{\376\377\0001\0002\000.\0001\0007\000\040\000p\000s\000t\000a\000t\000e\000.\000h\000\040\000F\000i\000l\000e\000\040\000R\000e\000f\000e\000r\000e\000n\000c\000e}{chapter.12}% 295
\BOOKMARK [2][-]{subsection.12.17.1}{\376\377\0001\0002\000.\0001\0007\000.\0001\000\040\000D\000e\000t\000a\000i\000l\000e\000d\000\040\000D\000e\000s\000c\000r\000i\000p\000t\000i\000o\000n}{section.12.17}% 296
\BOOKMARK [1][-]{section.12.18}{\376\377\0001\0002\000.\0001\0008\000\040\000p\000s\000t\000a\000t\000e\000.\000h}{chapter.12}% 297
\BOOKMARK [1][-]{section.12.19}{\376\377\0001\0002\000.\0001\0009\000\040\000q\000u\000a\000t\000.\000h\000\040\000F\000i\000l\000e\000\040\000R\000e\000f\000e\000r\000e\000n\000c\000e}{chapter.12}% 298
\BOOKMARK [2][-]{subsection.12.19.1}{\376\377\0001\0002\000.\0001\0009\000.\0001\000\040\000D\000e\000t\000a\000i\000l\000e\000d\000\040\000D\000e\000s\000c\000r\000i\000p\000t\000i\000o\000n}{section.12.19}% 299
\BOOKMARK [1][-]{section.12.20}{\376\377\0001\0002\000.\0002\0000\000\040\000q\000u\000a\000t\000.\000h}{chapter.12}% 300
\BOOKMARK [1][-]{section.12.21}{\376\377\0001\0002\000.\0002\0001\000\040\000s\000o\000l\000v\000e\000r\000\137\000o\000p\000t\000i\000o\000n\000s\000.\000h\000\040\000F\000i\000l\000e\000\040\000R\000e\000f\000e\000r\000e\000n\000c\000e}{chapter.12}% 301
\BOOKMARK [2][-]{subsection.12.21.1}{\376\377\0001\0002\000.\0002\0001\000.\0001\000\040\000D\000e\000t\000a\000i\000l\000e\000d\000\040\000D\000e\000s\000c\000r\000i\000p\000t\000i\000o\000n}{section.12.21}% 302
\BOOKMARK [1][-]{section.12.22}{\376\377\0001\0002\000.\0002\0002\000\040\000s\000o\000l\000v\000e\000r\000\137\000o\000p\000t\000i\000o\000n\000s\000.\000h}{chapter.12}% 303
\BOOKMARK [1][-]{section.12.23}{\376\377\0001\0002\000.\0002\0003\000\040\0006\000d\000o\000f\000.\000c\000\040\000F\000i\000l\000e\000\040\000R\000e\000f\000e\000r\000e\000n\000c\000e}{chapter.12}% 304
\BOOKMARK [2][-]{subsection.12.23.1}{\376\377\0001\0002\000.\0002\0003\000.\0001\000\040\000D\000e\000t\000a\000i\000l\000e\000d\000\040\000D\000e\000s\000c\000r\000i\000p\000t\000i\000o\000n}{section.12.23}% 305
\BOOKMARK [2][-]{subsection.12.23.2}{\376\377\0001\0002\000.\0002\0003\000.\0002\000\040\000M\000a\000c\000r\000o\000\040\000D\000e\000f\000i\000n\000i\000t\000i\000o\000n\000\040\000D\000o\000c\000u\000m\000e\000n\000t\000a\000t\000i\000o\000n}{section.12.23}% 306
\BOOKMARK [3][-]{subsubsection.12.23.2.1}{\376\377\0001\0002\000.\0002\0003\000.\0002\000.\0001\000\040\000P\000I\000\137\000T\000I\000M\000E\000S\000\137\0000\000\137\0002\0005}{subsection.12.23.2}% 307
\BOOKMARK [2][-]{subsection.12.23.3}{\376\377\0001\0002\000.\0002\0003\000.\0003\000\040\000F\000u\000n\000c\000t\000i\000o\000n\000\040\000D\000o\000c\000u\000m\000e\000n\000t\000a\000t\000i\000o\000n}{section.12.23}% 308
\BOOKMARK [3][-]{subsubsection.12.23.3.1}{\376\377\0001\0002\000.\0002\0003\000.\0003\000.\0001\000\040\000c\000o\000m\000p\000u\000t\000e\000\137\0006\000d\000o\000f\000\137\000d\000e\000r\000i\000v\000a\000t\000i\000v\000e\000s\000\050\000\051}{subsection.12.23.3}% 309
\BOOKMARK [3][-]{subsubsection.12.23.3.2}{\376\377\0001\0002\000.\0002\0003\000.\0003\000.\0002\000\040\000r\000k\0004\000\137\000s\000t\000e\000p\000\137\0006\000d\000o\000f\000\050\000\051}{subsection.12.23.3}% 310
\BOOKMARK [1][-]{section.12.24}{\376\377\0001\0002\000.\0002\0004\000\040\000c\000l\000i\000\137\000o\000p\000t\000s\000.\000c\000\040\000F\000i\000l\000e\000\040\000R\000e\000f\000e\000r\000e\000n\000c\000e}{chapter.12}% 311
\BOOKMARK [2][-]{subsection.12.24.1}{\376\377\0001\0002\000.\0002\0004\000.\0001\000\040\000D\000e\000t\000a\000i\000l\000e\000d\000\040\000D\000e\000s\000c\000r\000i\000p\000t\000i\000o\000n}{section.12.24}% 312
\BOOKMARK [1][-]{section.12.25}{\376\377\0001\0002\000.\0002\0005\000\040\000e\000n\000v\000i\000r\000o\000n\000m\000e\000n\000t\000.\000c\000\040\000F\000i\000l\000e\000\040\000R\000e\000f\000e\000r\000e\000n\000c\000e}{chapter.12}% 313
\BOOKMARK [2][-]{subsection.12.25.1}{\376\377\0001\0002\000.\0002\0005\000.\0001\000\040\000D\000e\000t\000a\000i\000l\000e\000d\000\040\000D\000e\000s\000c\000r\000i\000p\000t\000i\000o\000n}{section.12.25}% 314
\BOOKMARK [1][-]{section.12.26}{\376\377\0001\0002\000.\0002\0006\000\040\000l\000o\000a\000d\000\137\000d\000r\000a\000g\000\137\000t\000a\000b\000l\000e\000s\000.\000c\000\040\000F\000i\000l\000e\000\040\000R\000e\000f\000e\000r\000e\000n\000c\000e}{chapter.12}% 315
\BOOKMARK [2][-]{subsection.12.26.1}{\376\377\0001\0002\000.\0002\0006\000.\0001\000\040\000D\000e\000t\000a\000i\000l\000e\000d\000\040\000D\000e\000s\000c\000r\000i\000p\000t\000i\000o\000n}{section.12.26}% 316
\BOOKMARK [1][-]{section.12.27}{\376\377\0001\0002\000.\0002\0007\000\040\000m\000a\000i\000n\000.\000c\000\040\000F\000i\000l\000e\000\040\000R\000e\000f\000e\000r\000e\000n\000c\000e}{chapter.12}% 317
\BOOKMARK [2][-]{subsection.12.27.1}{\376\377\0001\0002\000.\0002\0007\000.\0001\000\040\000D\000e\000t\000a\000i\000l\000e\000d\000\040\000D\000e\000s\000c\000r\000i\000p\000t\000i\000o\000n}{section.12.27}% 318
\BOOKMARK [1][-]{section.12.28}{\376\377\0001\0002\000.\0002\0008\000\040\000q\000u\000a\000t\000.\000c\000\040\000F\000i\000l\000e\000\040\000R\000e\000f\000e\000r\000e\000n\000c\000e}{chapter.12}% 319
\BOOKMARK [2][-]{subsection.12.28.1}{\376\377\0001\0002\000.\0002\0008\000.\0001\000\040\000D\000e\000t\000a\000i\000l\000e\000d\000\040\000D\000e\000s\000c\000r\000i\000p\000t\000i\000o\000n}{section.12.28}% 320
